[INFO] 2024-11-30 13:36:04,290 >>	top of script
[INFO] 2024-11-30 13:39:35,790 >>	C:/ai_ml/kaggle/eedi-mining/eedi-mining-misconceptions-in-mathematics\misconception_mapping.csv
[INFO] 2024-11-30 13:39:35,794 >>	C:/ai_ml/kaggle/eedi-mining/eedi-mining-misconceptions-in-mathematics\sample_submission.csv
[INFO] 2024-11-30 13:39:35,798 >>	C:/ai_ml/kaggle/eedi-mining/eedi-mining-misconceptions-in-mathematics\test.csv
[INFO] 2024-11-30 13:39:35,803 >>	C:/ai_ml/kaggle/eedi-mining/eedi-mining-misconceptions-in-mathematics\train.csv
[INFO] 2024-11-30 13:39:51,222 >>	C:/ai_ml/kaggle/eedi-mining/eedi-mining-misconceptions-in-mathematics\misconception_mapping.csv
[INFO] 2024-11-30 13:39:51,227 >>	C:/ai_ml/kaggle/eedi-mining/eedi-mining-misconceptions-in-mathematics\sample_submission.csv
[INFO] 2024-11-30 13:39:51,230 >>	C:/ai_ml/kaggle/eedi-mining/eedi-mining-misconceptions-in-mathematics\test.csv
[INFO] 2024-11-30 13:39:51,234 >>	C:/ai_ml/kaggle/eedi-mining/eedi-mining-misconceptions-in-mathematics\train.csv
[INFO] 2024-11-30 14:52:14,936 >>	top of script
[INFO] 2024-11-30 14:52:14,936 >>	top of script
[INFO] 2024-11-30 14:52:14,970 >>	C:/ai_ml/kaggle/eedi-mining/eedi-mining-misconceptions-in-mathematics\misconception_mapping.csv
[INFO] 2024-11-30 14:52:14,970 >>	C:/ai_ml/kaggle/eedi-mining/eedi-mining-misconceptions-in-mathematics\misconception_mapping.csv
[INFO] 2024-11-30 14:52:14,975 >>	C:/ai_ml/kaggle/eedi-mining/eedi-mining-misconceptions-in-mathematics\sample_submission.csv
[INFO] 2024-11-30 14:52:14,975 >>	C:/ai_ml/kaggle/eedi-mining/eedi-mining-misconceptions-in-mathematics\sample_submission.csv
[INFO] 2024-11-30 14:52:14,983 >>	C:/ai_ml/kaggle/eedi-mining/eedi-mining-misconceptions-in-mathematics\test.csv
[INFO] 2024-11-30 14:52:14,983 >>	C:/ai_ml/kaggle/eedi-mining/eedi-mining-misconceptions-in-mathematics\test.csv
[INFO] 2024-11-30 14:52:14,990 >>	C:/ai_ml/kaggle/eedi-mining/eedi-mining-misconceptions-in-mathematics\train.csv
[INFO] 2024-11-30 14:52:14,990 >>	C:/ai_ml/kaggle/eedi-mining/eedi-mining-misconceptions-in-mathematics\train.csv
[INFO] 2024-11-30 15:30:42,138 >>	top of script
[INFO] 2024-11-30 15:30:42,138 >>	top of script
[INFO] 2024-11-30 15:30:42,138 >>	top of script
[INFO] 2024-11-30 15:30:42,235 >>	C:/ai_ml/kaggle/eedi-mining/eedi-mining-misconceptions-in-mathematics\misconception_mapping.csv
[INFO] 2024-11-30 15:30:42,235 >>	C:/ai_ml/kaggle/eedi-mining/eedi-mining-misconceptions-in-mathematics\misconception_mapping.csv
[INFO] 2024-11-30 15:30:42,235 >>	C:/ai_ml/kaggle/eedi-mining/eedi-mining-misconceptions-in-mathematics\misconception_mapping.csv
[INFO] 2024-11-30 15:30:42,240 >>	C:/ai_ml/kaggle/eedi-mining/eedi-mining-misconceptions-in-mathematics\sample_submission.csv
[INFO] 2024-11-30 15:30:42,240 >>	C:/ai_ml/kaggle/eedi-mining/eedi-mining-misconceptions-in-mathematics\sample_submission.csv
[INFO] 2024-11-30 15:30:42,240 >>	C:/ai_ml/kaggle/eedi-mining/eedi-mining-misconceptions-in-mathematics\sample_submission.csv
[INFO] 2024-11-30 15:30:42,246 >>	C:/ai_ml/kaggle/eedi-mining/eedi-mining-misconceptions-in-mathematics\test.csv
[INFO] 2024-11-30 15:30:42,246 >>	C:/ai_ml/kaggle/eedi-mining/eedi-mining-misconceptions-in-mathematics\test.csv
[INFO] 2024-11-30 15:30:42,246 >>	C:/ai_ml/kaggle/eedi-mining/eedi-mining-misconceptions-in-mathematics\test.csv
[INFO] 2024-11-30 15:30:42,251 >>	C:/ai_ml/kaggle/eedi-mining/eedi-mining-misconceptions-in-mathematics\train.csv
[INFO] 2024-11-30 15:30:42,251 >>	C:/ai_ml/kaggle/eedi-mining/eedi-mining-misconceptions-in-mathematics\train.csv
[INFO] 2024-11-30 15:30:42,251 >>	C:/ai_ml/kaggle/eedi-mining/eedi-mining-misconceptions-in-mathematics\train.csv
[INFO] 2024-11-30 16:32:44,841 >>	top of script
[INFO] 2024-11-30 16:32:44,841 >>	top of script
[INFO] 2024-11-30 16:32:44,841 >>	top of script
[INFO] 2024-11-30 16:32:44,841 >>	top of script
[INFO] 2024-11-30 16:32:44,911 >>	C:/ai_ml/kaggle/eedi-mining/eedi-mining-misconceptions-in-mathematics\misconception_mapping.csv
[INFO] 2024-11-30 16:32:44,911 >>	C:/ai_ml/kaggle/eedi-mining/eedi-mining-misconceptions-in-mathematics\misconception_mapping.csv
[INFO] 2024-11-30 16:32:44,911 >>	C:/ai_ml/kaggle/eedi-mining/eedi-mining-misconceptions-in-mathematics\misconception_mapping.csv
[INFO] 2024-11-30 16:32:44,911 >>	C:/ai_ml/kaggle/eedi-mining/eedi-mining-misconceptions-in-mathematics\misconception_mapping.csv
[INFO] 2024-11-30 16:32:44,921 >>	C:/ai_ml/kaggle/eedi-mining/eedi-mining-misconceptions-in-mathematics\sample_submission.csv
[INFO] 2024-11-30 16:32:44,921 >>	C:/ai_ml/kaggle/eedi-mining/eedi-mining-misconceptions-in-mathematics\sample_submission.csv
[INFO] 2024-11-30 16:32:44,921 >>	C:/ai_ml/kaggle/eedi-mining/eedi-mining-misconceptions-in-mathematics\sample_submission.csv
[INFO] 2024-11-30 16:32:44,921 >>	C:/ai_ml/kaggle/eedi-mining/eedi-mining-misconceptions-in-mathematics\sample_submission.csv
[INFO] 2024-11-30 16:32:44,928 >>	C:/ai_ml/kaggle/eedi-mining/eedi-mining-misconceptions-in-mathematics\test.csv
[INFO] 2024-11-30 16:32:44,928 >>	C:/ai_ml/kaggle/eedi-mining/eedi-mining-misconceptions-in-mathematics\test.csv
[INFO] 2024-11-30 16:32:44,928 >>	C:/ai_ml/kaggle/eedi-mining/eedi-mining-misconceptions-in-mathematics\test.csv
[INFO] 2024-11-30 16:32:44,928 >>	C:/ai_ml/kaggle/eedi-mining/eedi-mining-misconceptions-in-mathematics\test.csv
[INFO] 2024-11-30 16:32:44,937 >>	C:/ai_ml/kaggle/eedi-mining/eedi-mining-misconceptions-in-mathematics\train.csv
[INFO] 2024-11-30 16:32:44,937 >>	C:/ai_ml/kaggle/eedi-mining/eedi-mining-misconceptions-in-mathematics\train.csv
[INFO] 2024-11-30 16:32:44,937 >>	C:/ai_ml/kaggle/eedi-mining/eedi-mining-misconceptions-in-mathematics\train.csv
[INFO] 2024-11-30 16:32:44,937 >>	C:/ai_ml/kaggle/eedi-mining/eedi-mining-misconceptions-in-mathematics\train.csv
[INFO] 2024-11-30 16:43:48,048 >>	top of script
[INFO] 2024-11-30 16:43:48,048 >>	top of script
[INFO] 2024-11-30 16:43:48,048 >>	top of script
[INFO] 2024-11-30 16:43:48,048 >>	top of script
[INFO] 2024-11-30 16:43:48,048 >>	top of script
[INFO] 2024-11-30 16:43:48,127 >>	C:/ai_ml/kaggle/eedi-mining/eedi-mining-misconceptions-in-mathematics\misconception_mapping.csv
[INFO] 2024-11-30 16:43:48,127 >>	C:/ai_ml/kaggle/eedi-mining/eedi-mining-misconceptions-in-mathematics\misconception_mapping.csv
[INFO] 2024-11-30 16:43:48,127 >>	C:/ai_ml/kaggle/eedi-mining/eedi-mining-misconceptions-in-mathematics\misconception_mapping.csv
[INFO] 2024-11-30 16:43:48,127 >>	C:/ai_ml/kaggle/eedi-mining/eedi-mining-misconceptions-in-mathematics\misconception_mapping.csv
[INFO] 2024-11-30 16:43:48,127 >>	C:/ai_ml/kaggle/eedi-mining/eedi-mining-misconceptions-in-mathematics\misconception_mapping.csv
[INFO] 2024-11-30 16:43:48,137 >>	C:/ai_ml/kaggle/eedi-mining/eedi-mining-misconceptions-in-mathematics\sample_submission.csv
[INFO] 2024-11-30 16:43:48,137 >>	C:/ai_ml/kaggle/eedi-mining/eedi-mining-misconceptions-in-mathematics\sample_submission.csv
[INFO] 2024-11-30 16:43:48,137 >>	C:/ai_ml/kaggle/eedi-mining/eedi-mining-misconceptions-in-mathematics\sample_submission.csv
[INFO] 2024-11-30 16:43:48,137 >>	C:/ai_ml/kaggle/eedi-mining/eedi-mining-misconceptions-in-mathematics\sample_submission.csv
[INFO] 2024-11-30 16:43:48,137 >>	C:/ai_ml/kaggle/eedi-mining/eedi-mining-misconceptions-in-mathematics\sample_submission.csv
[INFO] 2024-11-30 16:43:48,146 >>	C:/ai_ml/kaggle/eedi-mining/eedi-mining-misconceptions-in-mathematics\test.csv
[INFO] 2024-11-30 16:43:48,146 >>	C:/ai_ml/kaggle/eedi-mining/eedi-mining-misconceptions-in-mathematics\test.csv
[INFO] 2024-11-30 16:43:48,146 >>	C:/ai_ml/kaggle/eedi-mining/eedi-mining-misconceptions-in-mathematics\test.csv
[INFO] 2024-11-30 16:43:48,146 >>	C:/ai_ml/kaggle/eedi-mining/eedi-mining-misconceptions-in-mathematics\test.csv
[INFO] 2024-11-30 16:43:48,146 >>	C:/ai_ml/kaggle/eedi-mining/eedi-mining-misconceptions-in-mathematics\test.csv
[INFO] 2024-11-30 16:43:48,154 >>	C:/ai_ml/kaggle/eedi-mining/eedi-mining-misconceptions-in-mathematics\train.csv
[INFO] 2024-11-30 16:43:48,154 >>	C:/ai_ml/kaggle/eedi-mining/eedi-mining-misconceptions-in-mathematics\train.csv
[INFO] 2024-11-30 16:43:48,154 >>	C:/ai_ml/kaggle/eedi-mining/eedi-mining-misconceptions-in-mathematics\train.csv
[INFO] 2024-11-30 16:43:48,154 >>	C:/ai_ml/kaggle/eedi-mining/eedi-mining-misconceptions-in-mathematics\train.csv
[INFO] 2024-11-30 16:43:48,154 >>	C:/ai_ml/kaggle/eedi-mining/eedi-mining-misconceptions-in-mathematics\train.csv
[INFO] 2024-11-30 17:16:56,825 >>	top of script
[INFO] 2024-11-30 17:16:56,825 >>	top of script
[INFO] 2024-11-30 17:16:56,825 >>	top of script
[INFO] 2024-11-30 17:16:56,825 >>	top of script
[INFO] 2024-11-30 17:16:56,825 >>	top of script
[INFO] 2024-11-30 17:16:56,825 >>	top of script
[INFO] 2024-11-30 17:16:56,907 >>	C:/ai_ml/kaggle/eedi-mining/eedi-mining-misconceptions-in-mathematics\misconception_mapping.csv
[INFO] 2024-11-30 17:16:56,907 >>	C:/ai_ml/kaggle/eedi-mining/eedi-mining-misconceptions-in-mathematics\misconception_mapping.csv
[INFO] 2024-11-30 17:16:56,907 >>	C:/ai_ml/kaggle/eedi-mining/eedi-mining-misconceptions-in-mathematics\misconception_mapping.csv
[INFO] 2024-11-30 17:16:56,907 >>	C:/ai_ml/kaggle/eedi-mining/eedi-mining-misconceptions-in-mathematics\misconception_mapping.csv
[INFO] 2024-11-30 17:16:56,907 >>	C:/ai_ml/kaggle/eedi-mining/eedi-mining-misconceptions-in-mathematics\misconception_mapping.csv
[INFO] 2024-11-30 17:16:56,907 >>	C:/ai_ml/kaggle/eedi-mining/eedi-mining-misconceptions-in-mathematics\misconception_mapping.csv
[INFO] 2024-11-30 17:16:56,923 >>	C:/ai_ml/kaggle/eedi-mining/eedi-mining-misconceptions-in-mathematics\sample_submission.csv
[INFO] 2024-11-30 17:16:56,923 >>	C:/ai_ml/kaggle/eedi-mining/eedi-mining-misconceptions-in-mathematics\sample_submission.csv
[INFO] 2024-11-30 17:16:56,923 >>	C:/ai_ml/kaggle/eedi-mining/eedi-mining-misconceptions-in-mathematics\sample_submission.csv
[INFO] 2024-11-30 17:16:56,923 >>	C:/ai_ml/kaggle/eedi-mining/eedi-mining-misconceptions-in-mathematics\sample_submission.csv
[INFO] 2024-11-30 17:16:56,923 >>	C:/ai_ml/kaggle/eedi-mining/eedi-mining-misconceptions-in-mathematics\sample_submission.csv
[INFO] 2024-11-30 17:16:56,923 >>	C:/ai_ml/kaggle/eedi-mining/eedi-mining-misconceptions-in-mathematics\sample_submission.csv
[INFO] 2024-11-30 17:16:56,923 >>	C:/ai_ml/kaggle/eedi-mining/eedi-mining-misconceptions-in-mathematics\test.csv
[INFO] 2024-11-30 17:16:56,923 >>	C:/ai_ml/kaggle/eedi-mining/eedi-mining-misconceptions-in-mathematics\test.csv
[INFO] 2024-11-30 17:16:56,923 >>	C:/ai_ml/kaggle/eedi-mining/eedi-mining-misconceptions-in-mathematics\test.csv
[INFO] 2024-11-30 17:16:56,923 >>	C:/ai_ml/kaggle/eedi-mining/eedi-mining-misconceptions-in-mathematics\test.csv
[INFO] 2024-11-30 17:16:56,923 >>	C:/ai_ml/kaggle/eedi-mining/eedi-mining-misconceptions-in-mathematics\test.csv
[INFO] 2024-11-30 17:16:56,923 >>	C:/ai_ml/kaggle/eedi-mining/eedi-mining-misconceptions-in-mathematics\test.csv
[INFO] 2024-11-30 17:16:56,940 >>	C:/ai_ml/kaggle/eedi-mining/eedi-mining-misconceptions-in-mathematics\train.csv
[INFO] 2024-11-30 17:16:56,940 >>	C:/ai_ml/kaggle/eedi-mining/eedi-mining-misconceptions-in-mathematics\train.csv
[INFO] 2024-11-30 17:16:56,940 >>	C:/ai_ml/kaggle/eedi-mining/eedi-mining-misconceptions-in-mathematics\train.csv
[INFO] 2024-11-30 17:16:56,940 >>	C:/ai_ml/kaggle/eedi-mining/eedi-mining-misconceptions-in-mathematics\train.csv
[INFO] 2024-11-30 17:16:56,940 >>	C:/ai_ml/kaggle/eedi-mining/eedi-mining-misconceptions-in-mathematics\train.csv
[INFO] 2024-11-30 17:16:56,940 >>	C:/ai_ml/kaggle/eedi-mining/eedi-mining-misconceptions-in-mathematics\train.csv
[INFO] 2024-11-30 17:19:35,503 >>	top of script
[INFO] 2024-11-30 17:19:35,503 >>	top of script
[INFO] 2024-11-30 17:19:35,503 >>	top of script
[INFO] 2024-11-30 17:19:35,503 >>	top of script
[INFO] 2024-11-30 17:19:35,503 >>	top of script
[INFO] 2024-11-30 17:19:35,503 >>	top of script
[INFO] 2024-11-30 17:19:35,503 >>	top of script
[INFO] 2024-11-30 17:19:35,607 >>	C:/ai_ml/kaggle/eedi-mining/eedi-mining-misconceptions-in-mathematics\misconception_mapping.csv
[INFO] 2024-11-30 17:19:35,607 >>	C:/ai_ml/kaggle/eedi-mining/eedi-mining-misconceptions-in-mathematics\misconception_mapping.csv
[INFO] 2024-11-30 17:19:35,607 >>	C:/ai_ml/kaggle/eedi-mining/eedi-mining-misconceptions-in-mathematics\misconception_mapping.csv
[INFO] 2024-11-30 17:19:35,607 >>	C:/ai_ml/kaggle/eedi-mining/eedi-mining-misconceptions-in-mathematics\misconception_mapping.csv
[INFO] 2024-11-30 17:19:35,607 >>	C:/ai_ml/kaggle/eedi-mining/eedi-mining-misconceptions-in-mathematics\misconception_mapping.csv
[INFO] 2024-11-30 17:19:35,607 >>	C:/ai_ml/kaggle/eedi-mining/eedi-mining-misconceptions-in-mathematics\misconception_mapping.csv
[INFO] 2024-11-30 17:19:35,607 >>	C:/ai_ml/kaggle/eedi-mining/eedi-mining-misconceptions-in-mathematics\misconception_mapping.csv
[INFO] 2024-11-30 17:19:35,623 >>	C:/ai_ml/kaggle/eedi-mining/eedi-mining-misconceptions-in-mathematics\sample_submission.csv
[INFO] 2024-11-30 17:19:35,623 >>	C:/ai_ml/kaggle/eedi-mining/eedi-mining-misconceptions-in-mathematics\sample_submission.csv
[INFO] 2024-11-30 17:19:35,623 >>	C:/ai_ml/kaggle/eedi-mining/eedi-mining-misconceptions-in-mathematics\sample_submission.csv
[INFO] 2024-11-30 17:19:35,623 >>	C:/ai_ml/kaggle/eedi-mining/eedi-mining-misconceptions-in-mathematics\sample_submission.csv
[INFO] 2024-11-30 17:19:35,623 >>	C:/ai_ml/kaggle/eedi-mining/eedi-mining-misconceptions-in-mathematics\sample_submission.csv
[INFO] 2024-11-30 17:19:35,623 >>	C:/ai_ml/kaggle/eedi-mining/eedi-mining-misconceptions-in-mathematics\sample_submission.csv
[INFO] 2024-11-30 17:19:35,623 >>	C:/ai_ml/kaggle/eedi-mining/eedi-mining-misconceptions-in-mathematics\sample_submission.csv
[INFO] 2024-11-30 17:19:35,623 >>	C:/ai_ml/kaggle/eedi-mining/eedi-mining-misconceptions-in-mathematics\test.csv
[INFO] 2024-11-30 17:19:35,623 >>	C:/ai_ml/kaggle/eedi-mining/eedi-mining-misconceptions-in-mathematics\test.csv
[INFO] 2024-11-30 17:19:35,623 >>	C:/ai_ml/kaggle/eedi-mining/eedi-mining-misconceptions-in-mathematics\test.csv
[INFO] 2024-11-30 17:19:35,623 >>	C:/ai_ml/kaggle/eedi-mining/eedi-mining-misconceptions-in-mathematics\test.csv
[INFO] 2024-11-30 17:19:35,623 >>	C:/ai_ml/kaggle/eedi-mining/eedi-mining-misconceptions-in-mathematics\test.csv
[INFO] 2024-11-30 17:19:35,623 >>	C:/ai_ml/kaggle/eedi-mining/eedi-mining-misconceptions-in-mathematics\test.csv
[INFO] 2024-11-30 17:19:35,623 >>	C:/ai_ml/kaggle/eedi-mining/eedi-mining-misconceptions-in-mathematics\test.csv
[INFO] 2024-11-30 17:19:35,639 >>	C:/ai_ml/kaggle/eedi-mining/eedi-mining-misconceptions-in-mathematics\train.csv
[INFO] 2024-11-30 17:19:35,639 >>	C:/ai_ml/kaggle/eedi-mining/eedi-mining-misconceptions-in-mathematics\train.csv
[INFO] 2024-11-30 17:19:35,639 >>	C:/ai_ml/kaggle/eedi-mining/eedi-mining-misconceptions-in-mathematics\train.csv
[INFO] 2024-11-30 17:19:35,639 >>	C:/ai_ml/kaggle/eedi-mining/eedi-mining-misconceptions-in-mathematics\train.csv
[INFO] 2024-11-30 17:19:35,639 >>	C:/ai_ml/kaggle/eedi-mining/eedi-mining-misconceptions-in-mathematics\train.csv
[INFO] 2024-11-30 17:19:35,639 >>	C:/ai_ml/kaggle/eedi-mining/eedi-mining-misconceptions-in-mathematics\train.csv
[INFO] 2024-11-30 17:19:35,639 >>	C:/ai_ml/kaggle/eedi-mining/eedi-mining-misconceptions-in-mathematics\train.csv
[INFO] 2024-11-30 17:31:11,601 >>	top of script
[INFO] 2024-11-30 17:31:13,596 >>	C:/ai_ml/kaggle/eedi-mining/eedi-mining-misconceptions-in-mathematics\misconception_mapping.csv
[INFO] 2024-11-30 17:31:13,596 >>	C:/ai_ml/kaggle/eedi-mining/eedi-mining-misconceptions-in-mathematics\sample_submission.csv
[INFO] 2024-11-30 17:31:13,596 >>	C:/ai_ml/kaggle/eedi-mining/eedi-mining-misconceptions-in-mathematics\test.csv
[INFO] 2024-11-30 17:31:13,613 >>	C:/ai_ml/kaggle/eedi-mining/eedi-mining-misconceptions-in-mathematics\train.csv
[INFO] 2024-11-30 17:33:41,216 >>	top of script
[INFO] 2024-11-30 17:33:41,216 >>	top of script
[INFO] 2024-11-30 17:33:41,281 >>	C:/ai_ml/kaggle/eedi-mining/eedi-mining-misconceptions-in-mathematics\misconception_mapping.csv
[INFO] 2024-11-30 17:33:41,281 >>	C:/ai_ml/kaggle/eedi-mining/eedi-mining-misconceptions-in-mathematics\misconception_mapping.csv
[INFO] 2024-11-30 17:33:41,297 >>	C:/ai_ml/kaggle/eedi-mining/eedi-mining-misconceptions-in-mathematics\sample_submission.csv
[INFO] 2024-11-30 17:33:41,297 >>	C:/ai_ml/kaggle/eedi-mining/eedi-mining-misconceptions-in-mathematics\sample_submission.csv
[INFO] 2024-11-30 17:33:41,297 >>	C:/ai_ml/kaggle/eedi-mining/eedi-mining-misconceptions-in-mathematics\test.csv
[INFO] 2024-11-30 17:33:41,297 >>	C:/ai_ml/kaggle/eedi-mining/eedi-mining-misconceptions-in-mathematics\test.csv
[INFO] 2024-11-30 17:33:41,297 >>	C:/ai_ml/kaggle/eedi-mining/eedi-mining-misconceptions-in-mathematics\train.csv
[INFO] 2024-11-30 17:33:41,297 >>	C:/ai_ml/kaggle/eedi-mining/eedi-mining-misconceptions-in-mathematics\train.csv
[INFO] 2024-11-30 20:36:32,992 >>	top of script
[INFO] 2024-11-30 20:36:34,856 >>	C:/ai_ml/kaggle/eedi-mining/eedi-mining-misconceptions-in-mathematics\misconception_mapping.csv
[INFO] 2024-11-30 20:36:34,858 >>	C:/ai_ml/kaggle/eedi-mining/eedi-mining-misconceptions-in-mathematics\sample_submission.csv
[INFO] 2024-11-30 20:36:34,865 >>	C:/ai_ml/kaggle/eedi-mining/eedi-mining-misconceptions-in-mathematics\test.csv
[INFO] 2024-11-30 20:36:34,905 >>	C:/ai_ml/kaggle/eedi-mining/eedi-mining-misconceptions-in-mathematics\train.csv
[INFO] 2024-12-01 09:15:38,677 >>	top of script
[INFO] 2024-12-01 09:15:38,677 >>	top of script
[INFO] 2024-12-01 09:15:38,708 >>	C:/ai_ml/kaggle/eedi-mining/eedi-mining-misconceptions-in-mathematics\misconception_mapping.csv
[INFO] 2024-12-01 09:15:38,708 >>	C:/ai_ml/kaggle/eedi-mining/eedi-mining-misconceptions-in-mathematics\misconception_mapping.csv
[INFO] 2024-12-01 09:15:38,720 >>	C:/ai_ml/kaggle/eedi-mining/eedi-mining-misconceptions-in-mathematics\sample_submission.csv
[INFO] 2024-12-01 09:15:38,720 >>	C:/ai_ml/kaggle/eedi-mining/eedi-mining-misconceptions-in-mathematics\sample_submission.csv
[INFO] 2024-12-01 09:15:38,727 >>	C:/ai_ml/kaggle/eedi-mining/eedi-mining-misconceptions-in-mathematics\test.csv
[INFO] 2024-12-01 09:15:38,727 >>	C:/ai_ml/kaggle/eedi-mining/eedi-mining-misconceptions-in-mathematics\test.csv
[INFO] 2024-12-01 09:15:38,734 >>	C:/ai_ml/kaggle/eedi-mining/eedi-mining-misconceptions-in-mathematics\train.csv
[INFO] 2024-12-01 09:15:38,734 >>	C:/ai_ml/kaggle/eedi-mining/eedi-mining-misconceptions-in-mathematics\train.csv
[INFO] 2024-12-01 10:13:23,645 >>	top of script
[INFO] 2024-12-01 10:13:23,645 >>	top of script
[INFO] 2024-12-01 10:13:23,645 >>	top of script
[INFO] 2024-12-01 10:13:23,679 >>	C:/ai_ml/kaggle/eedi-mining/eedi-mining-misconceptions-in-mathematics\misconception_mapping.csv
[INFO] 2024-12-01 10:13:23,679 >>	C:/ai_ml/kaggle/eedi-mining/eedi-mining-misconceptions-in-mathematics\misconception_mapping.csv
[INFO] 2024-12-01 10:13:23,679 >>	C:/ai_ml/kaggle/eedi-mining/eedi-mining-misconceptions-in-mathematics\misconception_mapping.csv
[INFO] 2024-12-01 10:13:23,688 >>	C:/ai_ml/kaggle/eedi-mining/eedi-mining-misconceptions-in-mathematics\sample_submission.csv
[INFO] 2024-12-01 10:13:23,688 >>	C:/ai_ml/kaggle/eedi-mining/eedi-mining-misconceptions-in-mathematics\sample_submission.csv
[INFO] 2024-12-01 10:13:23,688 >>	C:/ai_ml/kaggle/eedi-mining/eedi-mining-misconceptions-in-mathematics\sample_submission.csv
[INFO] 2024-12-01 10:13:23,698 >>	C:/ai_ml/kaggle/eedi-mining/eedi-mining-misconceptions-in-mathematics\test.csv
[INFO] 2024-12-01 10:13:23,698 >>	C:/ai_ml/kaggle/eedi-mining/eedi-mining-misconceptions-in-mathematics\test.csv
[INFO] 2024-12-01 10:13:23,698 >>	C:/ai_ml/kaggle/eedi-mining/eedi-mining-misconceptions-in-mathematics\test.csv
[INFO] 2024-12-01 10:13:23,706 >>	C:/ai_ml/kaggle/eedi-mining/eedi-mining-misconceptions-in-mathematics\train.csv
[INFO] 2024-12-01 10:13:23,706 >>	C:/ai_ml/kaggle/eedi-mining/eedi-mining-misconceptions-in-mathematics\train.csv
[INFO] 2024-12-01 10:13:23,706 >>	C:/ai_ml/kaggle/eedi-mining/eedi-mining-misconceptions-in-mathematics\train.csv
[INFO] 2024-12-01 10:20:44,745 >>	top of script
[INFO] 2024-12-01 10:20:44,745 >>	top of script
[INFO] 2024-12-01 10:20:44,745 >>	top of script
[INFO] 2024-12-01 10:20:44,745 >>	top of script
[INFO] 2024-12-01 10:20:44,775 >>	C:/ai_ml/kaggle/eedi-mining/eedi-mining-misconceptions-in-mathematics\misconception_mapping.csv
[INFO] 2024-12-01 10:20:44,775 >>	C:/ai_ml/kaggle/eedi-mining/eedi-mining-misconceptions-in-mathematics\misconception_mapping.csv
[INFO] 2024-12-01 10:20:44,775 >>	C:/ai_ml/kaggle/eedi-mining/eedi-mining-misconceptions-in-mathematics\misconception_mapping.csv
[INFO] 2024-12-01 10:20:44,775 >>	C:/ai_ml/kaggle/eedi-mining/eedi-mining-misconceptions-in-mathematics\misconception_mapping.csv
[INFO] 2024-12-01 10:20:44,785 >>	C:/ai_ml/kaggle/eedi-mining/eedi-mining-misconceptions-in-mathematics\sample_submission.csv
[INFO] 2024-12-01 10:20:44,785 >>	C:/ai_ml/kaggle/eedi-mining/eedi-mining-misconceptions-in-mathematics\sample_submission.csv
[INFO] 2024-12-01 10:20:44,785 >>	C:/ai_ml/kaggle/eedi-mining/eedi-mining-misconceptions-in-mathematics\sample_submission.csv
[INFO] 2024-12-01 10:20:44,785 >>	C:/ai_ml/kaggle/eedi-mining/eedi-mining-misconceptions-in-mathematics\sample_submission.csv
[INFO] 2024-12-01 10:20:44,793 >>	C:/ai_ml/kaggle/eedi-mining/eedi-mining-misconceptions-in-mathematics\test.csv
[INFO] 2024-12-01 10:20:44,793 >>	C:/ai_ml/kaggle/eedi-mining/eedi-mining-misconceptions-in-mathematics\test.csv
[INFO] 2024-12-01 10:20:44,793 >>	C:/ai_ml/kaggle/eedi-mining/eedi-mining-misconceptions-in-mathematics\test.csv
[INFO] 2024-12-01 10:20:44,793 >>	C:/ai_ml/kaggle/eedi-mining/eedi-mining-misconceptions-in-mathematics\test.csv
[INFO] 2024-12-01 10:20:44,800 >>	C:/ai_ml/kaggle/eedi-mining/eedi-mining-misconceptions-in-mathematics\train.csv
[INFO] 2024-12-01 10:20:44,800 >>	C:/ai_ml/kaggle/eedi-mining/eedi-mining-misconceptions-in-mathematics\train.csv
[INFO] 2024-12-01 10:20:44,800 >>	C:/ai_ml/kaggle/eedi-mining/eedi-mining-misconceptions-in-mathematics\train.csv
[INFO] 2024-12-01 10:20:44,800 >>	C:/ai_ml/kaggle/eedi-mining/eedi-mining-misconceptions-in-mathematics\train.csv
[INFO] 2024-12-01 15:17:18,293 >>	top of script
[INFO] 2024-12-01 15:17:18,293 >>	top of script
[INFO] 2024-12-01 15:17:18,293 >>	top of script
[INFO] 2024-12-01 15:17:18,293 >>	top of script
[INFO] 2024-12-01 15:17:18,293 >>	top of script
[INFO] 2024-12-01 15:17:18,397 >>	C:/ai_ml/kaggle/eedi-mining/eedi-mining-misconceptions-in-mathematics\misconception_mapping.csv
[INFO] 2024-12-01 15:17:18,397 >>	C:/ai_ml/kaggle/eedi-mining/eedi-mining-misconceptions-in-mathematics\misconception_mapping.csv
[INFO] 2024-12-01 15:17:18,397 >>	C:/ai_ml/kaggle/eedi-mining/eedi-mining-misconceptions-in-mathematics\misconception_mapping.csv
[INFO] 2024-12-01 15:17:18,397 >>	C:/ai_ml/kaggle/eedi-mining/eedi-mining-misconceptions-in-mathematics\misconception_mapping.csv
[INFO] 2024-12-01 15:17:18,397 >>	C:/ai_ml/kaggle/eedi-mining/eedi-mining-misconceptions-in-mathematics\misconception_mapping.csv
[INFO] 2024-12-01 15:17:18,407 >>	C:/ai_ml/kaggle/eedi-mining/eedi-mining-misconceptions-in-mathematics\sample_submission.csv
[INFO] 2024-12-01 15:17:18,407 >>	C:/ai_ml/kaggle/eedi-mining/eedi-mining-misconceptions-in-mathematics\sample_submission.csv
[INFO] 2024-12-01 15:17:18,407 >>	C:/ai_ml/kaggle/eedi-mining/eedi-mining-misconceptions-in-mathematics\sample_submission.csv
[INFO] 2024-12-01 15:17:18,407 >>	C:/ai_ml/kaggle/eedi-mining/eedi-mining-misconceptions-in-mathematics\sample_submission.csv
[INFO] 2024-12-01 15:17:18,407 >>	C:/ai_ml/kaggle/eedi-mining/eedi-mining-misconceptions-in-mathematics\sample_submission.csv
[INFO] 2024-12-01 15:17:18,415 >>	C:/ai_ml/kaggle/eedi-mining/eedi-mining-misconceptions-in-mathematics\test.csv
[INFO] 2024-12-01 15:17:18,415 >>	C:/ai_ml/kaggle/eedi-mining/eedi-mining-misconceptions-in-mathematics\test.csv
[INFO] 2024-12-01 15:17:18,415 >>	C:/ai_ml/kaggle/eedi-mining/eedi-mining-misconceptions-in-mathematics\test.csv
[INFO] 2024-12-01 15:17:18,415 >>	C:/ai_ml/kaggle/eedi-mining/eedi-mining-misconceptions-in-mathematics\test.csv
[INFO] 2024-12-01 15:17:18,415 >>	C:/ai_ml/kaggle/eedi-mining/eedi-mining-misconceptions-in-mathematics\test.csv
[INFO] 2024-12-01 15:17:18,426 >>	C:/ai_ml/kaggle/eedi-mining/eedi-mining-misconceptions-in-mathematics\train.csv
[INFO] 2024-12-01 15:17:18,426 >>	C:/ai_ml/kaggle/eedi-mining/eedi-mining-misconceptions-in-mathematics\train.csv
[INFO] 2024-12-01 15:17:18,426 >>	C:/ai_ml/kaggle/eedi-mining/eedi-mining-misconceptions-in-mathematics\train.csv
[INFO] 2024-12-01 15:17:18,426 >>	C:/ai_ml/kaggle/eedi-mining/eedi-mining-misconceptions-in-mathematics\train.csv
[INFO] 2024-12-01 15:17:18,426 >>	C:/ai_ml/kaggle/eedi-mining/eedi-mining-misconceptions-in-mathematics\train.csv
[INFO] 2024-12-01 17:01:10,453 >>	top of script
[INFO] 2024-12-01 17:01:10,453 >>	top of script
[INFO] 2024-12-01 17:01:10,453 >>	top of script
[INFO] 2024-12-01 17:01:10,453 >>	top of script
[INFO] 2024-12-01 17:01:10,453 >>	top of script
[INFO] 2024-12-01 17:01:10,453 >>	top of script
[INFO] 2024-12-01 17:01:10,494 >>	C:/ai_ml/kaggle/eedi-mining/eedi-mining-misconceptions-in-mathematics\misconception_mapping.csv
[INFO] 2024-12-01 17:01:10,494 >>	C:/ai_ml/kaggle/eedi-mining/eedi-mining-misconceptions-in-mathematics\misconception_mapping.csv
[INFO] 2024-12-01 17:01:10,494 >>	C:/ai_ml/kaggle/eedi-mining/eedi-mining-misconceptions-in-mathematics\misconception_mapping.csv
[INFO] 2024-12-01 17:01:10,494 >>	C:/ai_ml/kaggle/eedi-mining/eedi-mining-misconceptions-in-mathematics\misconception_mapping.csv
[INFO] 2024-12-01 17:01:10,494 >>	C:/ai_ml/kaggle/eedi-mining/eedi-mining-misconceptions-in-mathematics\misconception_mapping.csv
[INFO] 2024-12-01 17:01:10,494 >>	C:/ai_ml/kaggle/eedi-mining/eedi-mining-misconceptions-in-mathematics\misconception_mapping.csv
[INFO] 2024-12-01 17:01:10,511 >>	C:/ai_ml/kaggle/eedi-mining/eedi-mining-misconceptions-in-mathematics\sample_submission.csv
[INFO] 2024-12-01 17:01:10,511 >>	C:/ai_ml/kaggle/eedi-mining/eedi-mining-misconceptions-in-mathematics\sample_submission.csv
[INFO] 2024-12-01 17:01:10,511 >>	C:/ai_ml/kaggle/eedi-mining/eedi-mining-misconceptions-in-mathematics\sample_submission.csv
[INFO] 2024-12-01 17:01:10,511 >>	C:/ai_ml/kaggle/eedi-mining/eedi-mining-misconceptions-in-mathematics\sample_submission.csv
[INFO] 2024-12-01 17:01:10,511 >>	C:/ai_ml/kaggle/eedi-mining/eedi-mining-misconceptions-in-mathematics\sample_submission.csv
[INFO] 2024-12-01 17:01:10,511 >>	C:/ai_ml/kaggle/eedi-mining/eedi-mining-misconceptions-in-mathematics\sample_submission.csv
[INFO] 2024-12-01 17:01:10,521 >>	C:/ai_ml/kaggle/eedi-mining/eedi-mining-misconceptions-in-mathematics\test.csv
[INFO] 2024-12-01 17:01:10,521 >>	C:/ai_ml/kaggle/eedi-mining/eedi-mining-misconceptions-in-mathematics\test.csv
[INFO] 2024-12-01 17:01:10,521 >>	C:/ai_ml/kaggle/eedi-mining/eedi-mining-misconceptions-in-mathematics\test.csv
[INFO] 2024-12-01 17:01:10,521 >>	C:/ai_ml/kaggle/eedi-mining/eedi-mining-misconceptions-in-mathematics\test.csv
[INFO] 2024-12-01 17:01:10,521 >>	C:/ai_ml/kaggle/eedi-mining/eedi-mining-misconceptions-in-mathematics\test.csv
[INFO] 2024-12-01 17:01:10,521 >>	C:/ai_ml/kaggle/eedi-mining/eedi-mining-misconceptions-in-mathematics\test.csv
[INFO] 2024-12-01 17:01:10,540 >>	C:/ai_ml/kaggle/eedi-mining/eedi-mining-misconceptions-in-mathematics\train.csv
[INFO] 2024-12-01 17:01:10,540 >>	C:/ai_ml/kaggle/eedi-mining/eedi-mining-misconceptions-in-mathematics\train.csv
[INFO] 2024-12-01 17:01:10,540 >>	C:/ai_ml/kaggle/eedi-mining/eedi-mining-misconceptions-in-mathematics\train.csv
[INFO] 2024-12-01 17:01:10,540 >>	C:/ai_ml/kaggle/eedi-mining/eedi-mining-misconceptions-in-mathematics\train.csv
[INFO] 2024-12-01 17:01:10,540 >>	C:/ai_ml/kaggle/eedi-mining/eedi-mining-misconceptions-in-mathematics\train.csv
[INFO] 2024-12-01 17:01:10,540 >>	C:/ai_ml/kaggle/eedi-mining/eedi-mining-misconceptions-in-mathematics\train.csv
[INFO] 2024-12-01 18:48:17,517 >>	top of script
[INFO] 2024-12-01 18:48:17,517 >>	top of script
[INFO] 2024-12-01 18:48:17,517 >>	top of script
[INFO] 2024-12-01 18:48:17,517 >>	top of script
[INFO] 2024-12-01 18:48:17,517 >>	top of script
[INFO] 2024-12-01 18:48:17,517 >>	top of script
[INFO] 2024-12-01 18:48:17,517 >>	top of script
[INFO] 2024-12-01 18:48:17,590 >>	C:/ai_ml/kaggle/eedi-mining/eedi-mining-misconceptions-in-mathematics\misconception_mapping.csv
[INFO] 2024-12-01 18:48:17,590 >>	C:/ai_ml/kaggle/eedi-mining/eedi-mining-misconceptions-in-mathematics\misconception_mapping.csv
[INFO] 2024-12-01 18:48:17,590 >>	C:/ai_ml/kaggle/eedi-mining/eedi-mining-misconceptions-in-mathematics\misconception_mapping.csv
[INFO] 2024-12-01 18:48:17,590 >>	C:/ai_ml/kaggle/eedi-mining/eedi-mining-misconceptions-in-mathematics\misconception_mapping.csv
[INFO] 2024-12-01 18:48:17,590 >>	C:/ai_ml/kaggle/eedi-mining/eedi-mining-misconceptions-in-mathematics\misconception_mapping.csv
[INFO] 2024-12-01 18:48:17,590 >>	C:/ai_ml/kaggle/eedi-mining/eedi-mining-misconceptions-in-mathematics\misconception_mapping.csv
[INFO] 2024-12-01 18:48:17,590 >>	C:/ai_ml/kaggle/eedi-mining/eedi-mining-misconceptions-in-mathematics\misconception_mapping.csv
[INFO] 2024-12-01 18:48:17,605 >>	C:/ai_ml/kaggle/eedi-mining/eedi-mining-misconceptions-in-mathematics\sample_submission.csv
[INFO] 2024-12-01 18:48:17,605 >>	C:/ai_ml/kaggle/eedi-mining/eedi-mining-misconceptions-in-mathematics\sample_submission.csv
[INFO] 2024-12-01 18:48:17,605 >>	C:/ai_ml/kaggle/eedi-mining/eedi-mining-misconceptions-in-mathematics\sample_submission.csv
[INFO] 2024-12-01 18:48:17,605 >>	C:/ai_ml/kaggle/eedi-mining/eedi-mining-misconceptions-in-mathematics\sample_submission.csv
[INFO] 2024-12-01 18:48:17,605 >>	C:/ai_ml/kaggle/eedi-mining/eedi-mining-misconceptions-in-mathematics\sample_submission.csv
[INFO] 2024-12-01 18:48:17,605 >>	C:/ai_ml/kaggle/eedi-mining/eedi-mining-misconceptions-in-mathematics\sample_submission.csv
[INFO] 2024-12-01 18:48:17,605 >>	C:/ai_ml/kaggle/eedi-mining/eedi-mining-misconceptions-in-mathematics\sample_submission.csv
[INFO] 2024-12-01 18:48:17,617 >>	C:/ai_ml/kaggle/eedi-mining/eedi-mining-misconceptions-in-mathematics\test.csv
[INFO] 2024-12-01 18:48:17,617 >>	C:/ai_ml/kaggle/eedi-mining/eedi-mining-misconceptions-in-mathematics\test.csv
[INFO] 2024-12-01 18:48:17,617 >>	C:/ai_ml/kaggle/eedi-mining/eedi-mining-misconceptions-in-mathematics\test.csv
[INFO] 2024-12-01 18:48:17,617 >>	C:/ai_ml/kaggle/eedi-mining/eedi-mining-misconceptions-in-mathematics\test.csv
[INFO] 2024-12-01 18:48:17,617 >>	C:/ai_ml/kaggle/eedi-mining/eedi-mining-misconceptions-in-mathematics\test.csv
[INFO] 2024-12-01 18:48:17,617 >>	C:/ai_ml/kaggle/eedi-mining/eedi-mining-misconceptions-in-mathematics\test.csv
[INFO] 2024-12-01 18:48:17,617 >>	C:/ai_ml/kaggle/eedi-mining/eedi-mining-misconceptions-in-mathematics\test.csv
[INFO] 2024-12-01 18:48:17,629 >>	C:/ai_ml/kaggle/eedi-mining/eedi-mining-misconceptions-in-mathematics\train.csv
[INFO] 2024-12-01 18:48:17,629 >>	C:/ai_ml/kaggle/eedi-mining/eedi-mining-misconceptions-in-mathematics\train.csv
[INFO] 2024-12-01 18:48:17,629 >>	C:/ai_ml/kaggle/eedi-mining/eedi-mining-misconceptions-in-mathematics\train.csv
[INFO] 2024-12-01 18:48:17,629 >>	C:/ai_ml/kaggle/eedi-mining/eedi-mining-misconceptions-in-mathematics\train.csv
[INFO] 2024-12-01 18:48:17,629 >>	C:/ai_ml/kaggle/eedi-mining/eedi-mining-misconceptions-in-mathematics\train.csv
[INFO] 2024-12-01 18:48:17,629 >>	C:/ai_ml/kaggle/eedi-mining/eedi-mining-misconceptions-in-mathematics\train.csv
[INFO] 2024-12-01 18:48:17,629 >>	C:/ai_ml/kaggle/eedi-mining/eedi-mining-misconceptions-in-mathematics\train.csv
[INFO] 2024-12-01 19:00:43,324 >>	top of script
[INFO] 2024-12-01 19:00:43,324 >>	top of script
[INFO] 2024-12-01 19:00:43,324 >>	top of script
[INFO] 2024-12-01 19:00:43,324 >>	top of script
[INFO] 2024-12-01 19:00:43,324 >>	top of script
[INFO] 2024-12-01 19:00:43,324 >>	top of script
[INFO] 2024-12-01 19:00:43,324 >>	top of script
[INFO] 2024-12-01 19:00:43,324 >>	top of script
[INFO] 2024-12-01 19:00:43,361 >>	C:/ai_ml/kaggle/eedi-mining/eedi-mining-misconceptions-in-mathematics\misconception_mapping.csv
[INFO] 2024-12-01 19:00:43,361 >>	C:/ai_ml/kaggle/eedi-mining/eedi-mining-misconceptions-in-mathematics\misconception_mapping.csv
[INFO] 2024-12-01 19:00:43,361 >>	C:/ai_ml/kaggle/eedi-mining/eedi-mining-misconceptions-in-mathematics\misconception_mapping.csv
[INFO] 2024-12-01 19:00:43,361 >>	C:/ai_ml/kaggle/eedi-mining/eedi-mining-misconceptions-in-mathematics\misconception_mapping.csv
[INFO] 2024-12-01 19:00:43,361 >>	C:/ai_ml/kaggle/eedi-mining/eedi-mining-misconceptions-in-mathematics\misconception_mapping.csv
[INFO] 2024-12-01 19:00:43,361 >>	C:/ai_ml/kaggle/eedi-mining/eedi-mining-misconceptions-in-mathematics\misconception_mapping.csv
[INFO] 2024-12-01 19:00:43,361 >>	C:/ai_ml/kaggle/eedi-mining/eedi-mining-misconceptions-in-mathematics\misconception_mapping.csv
[INFO] 2024-12-01 19:00:43,361 >>	C:/ai_ml/kaggle/eedi-mining/eedi-mining-misconceptions-in-mathematics\misconception_mapping.csv
[INFO] 2024-12-01 19:00:43,392 >>	C:/ai_ml/kaggle/eedi-mining/eedi-mining-misconceptions-in-mathematics\sample_submission.csv
[INFO] 2024-12-01 19:00:43,392 >>	C:/ai_ml/kaggle/eedi-mining/eedi-mining-misconceptions-in-mathematics\sample_submission.csv
[INFO] 2024-12-01 19:00:43,392 >>	C:/ai_ml/kaggle/eedi-mining/eedi-mining-misconceptions-in-mathematics\sample_submission.csv
[INFO] 2024-12-01 19:00:43,392 >>	C:/ai_ml/kaggle/eedi-mining/eedi-mining-misconceptions-in-mathematics\sample_submission.csv
[INFO] 2024-12-01 19:00:43,392 >>	C:/ai_ml/kaggle/eedi-mining/eedi-mining-misconceptions-in-mathematics\sample_submission.csv
[INFO] 2024-12-01 19:00:43,392 >>	C:/ai_ml/kaggle/eedi-mining/eedi-mining-misconceptions-in-mathematics\sample_submission.csv
[INFO] 2024-12-01 19:00:43,392 >>	C:/ai_ml/kaggle/eedi-mining/eedi-mining-misconceptions-in-mathematics\sample_submission.csv
[INFO] 2024-12-01 19:00:43,392 >>	C:/ai_ml/kaggle/eedi-mining/eedi-mining-misconceptions-in-mathematics\sample_submission.csv
[INFO] 2024-12-01 19:00:43,409 >>	C:/ai_ml/kaggle/eedi-mining/eedi-mining-misconceptions-in-mathematics\test.csv
[INFO] 2024-12-01 19:00:43,409 >>	C:/ai_ml/kaggle/eedi-mining/eedi-mining-misconceptions-in-mathematics\test.csv
[INFO] 2024-12-01 19:00:43,409 >>	C:/ai_ml/kaggle/eedi-mining/eedi-mining-misconceptions-in-mathematics\test.csv
[INFO] 2024-12-01 19:00:43,409 >>	C:/ai_ml/kaggle/eedi-mining/eedi-mining-misconceptions-in-mathematics\test.csv
[INFO] 2024-12-01 19:00:43,409 >>	C:/ai_ml/kaggle/eedi-mining/eedi-mining-misconceptions-in-mathematics\test.csv
[INFO] 2024-12-01 19:00:43,409 >>	C:/ai_ml/kaggle/eedi-mining/eedi-mining-misconceptions-in-mathematics\test.csv
[INFO] 2024-12-01 19:00:43,409 >>	C:/ai_ml/kaggle/eedi-mining/eedi-mining-misconceptions-in-mathematics\test.csv
[INFO] 2024-12-01 19:00:43,409 >>	C:/ai_ml/kaggle/eedi-mining/eedi-mining-misconceptions-in-mathematics\test.csv
[INFO] 2024-12-01 19:00:43,429 >>	C:/ai_ml/kaggle/eedi-mining/eedi-mining-misconceptions-in-mathematics\train.csv
[INFO] 2024-12-01 19:00:43,429 >>	C:/ai_ml/kaggle/eedi-mining/eedi-mining-misconceptions-in-mathematics\train.csv
[INFO] 2024-12-01 19:00:43,429 >>	C:/ai_ml/kaggle/eedi-mining/eedi-mining-misconceptions-in-mathematics\train.csv
[INFO] 2024-12-01 19:00:43,429 >>	C:/ai_ml/kaggle/eedi-mining/eedi-mining-misconceptions-in-mathematics\train.csv
[INFO] 2024-12-01 19:00:43,429 >>	C:/ai_ml/kaggle/eedi-mining/eedi-mining-misconceptions-in-mathematics\train.csv
[INFO] 2024-12-01 19:00:43,429 >>	C:/ai_ml/kaggle/eedi-mining/eedi-mining-misconceptions-in-mathematics\train.csv
[INFO] 2024-12-01 19:00:43,429 >>	C:/ai_ml/kaggle/eedi-mining/eedi-mining-misconceptions-in-mathematics\train.csv
[INFO] 2024-12-01 19:00:43,429 >>	C:/ai_ml/kaggle/eedi-mining/eedi-mining-misconceptions-in-mathematics\train.csv
[INFO] 2024-12-01 20:09:11,384 >>	top of script
[INFO] 2024-12-01 20:09:11,384 >>	top of script
[INFO] 2024-12-01 20:09:11,384 >>	top of script
[INFO] 2024-12-01 20:09:11,384 >>	top of script
[INFO] 2024-12-01 20:09:11,384 >>	top of script
[INFO] 2024-12-01 20:09:11,384 >>	top of script
[INFO] 2024-12-01 20:09:11,384 >>	top of script
[INFO] 2024-12-01 20:09:11,384 >>	top of script
[INFO] 2024-12-01 20:09:11,384 >>	top of script
[INFO] 2024-12-01 20:09:11,469 >>	C:/ai_ml/kaggle/eedi-mining/eedi-mining-misconceptions-in-mathematics\misconception_mapping.csv
[INFO] 2024-12-01 20:09:11,469 >>	C:/ai_ml/kaggle/eedi-mining/eedi-mining-misconceptions-in-mathematics\misconception_mapping.csv
[INFO] 2024-12-01 20:09:11,469 >>	C:/ai_ml/kaggle/eedi-mining/eedi-mining-misconceptions-in-mathematics\misconception_mapping.csv
[INFO] 2024-12-01 20:09:11,469 >>	C:/ai_ml/kaggle/eedi-mining/eedi-mining-misconceptions-in-mathematics\misconception_mapping.csv
[INFO] 2024-12-01 20:09:11,469 >>	C:/ai_ml/kaggle/eedi-mining/eedi-mining-misconceptions-in-mathematics\misconception_mapping.csv
[INFO] 2024-12-01 20:09:11,469 >>	C:/ai_ml/kaggle/eedi-mining/eedi-mining-misconceptions-in-mathematics\misconception_mapping.csv
[INFO] 2024-12-01 20:09:11,469 >>	C:/ai_ml/kaggle/eedi-mining/eedi-mining-misconceptions-in-mathematics\misconception_mapping.csv
[INFO] 2024-12-01 20:09:11,469 >>	C:/ai_ml/kaggle/eedi-mining/eedi-mining-misconceptions-in-mathematics\misconception_mapping.csv
[INFO] 2024-12-01 20:09:11,469 >>	C:/ai_ml/kaggle/eedi-mining/eedi-mining-misconceptions-in-mathematics\misconception_mapping.csv
[INFO] 2024-12-01 20:09:11,515 >>	C:/ai_ml/kaggle/eedi-mining/eedi-mining-misconceptions-in-mathematics\sample_submission.csv
[INFO] 2024-12-01 20:09:11,515 >>	C:/ai_ml/kaggle/eedi-mining/eedi-mining-misconceptions-in-mathematics\sample_submission.csv
[INFO] 2024-12-01 20:09:11,515 >>	C:/ai_ml/kaggle/eedi-mining/eedi-mining-misconceptions-in-mathematics\sample_submission.csv
[INFO] 2024-12-01 20:09:11,515 >>	C:/ai_ml/kaggle/eedi-mining/eedi-mining-misconceptions-in-mathematics\sample_submission.csv
[INFO] 2024-12-01 20:09:11,515 >>	C:/ai_ml/kaggle/eedi-mining/eedi-mining-misconceptions-in-mathematics\sample_submission.csv
[INFO] 2024-12-01 20:09:11,515 >>	C:/ai_ml/kaggle/eedi-mining/eedi-mining-misconceptions-in-mathematics\sample_submission.csv
[INFO] 2024-12-01 20:09:11,515 >>	C:/ai_ml/kaggle/eedi-mining/eedi-mining-misconceptions-in-mathematics\sample_submission.csv
[INFO] 2024-12-01 20:09:11,515 >>	C:/ai_ml/kaggle/eedi-mining/eedi-mining-misconceptions-in-mathematics\sample_submission.csv
[INFO] 2024-12-01 20:09:11,515 >>	C:/ai_ml/kaggle/eedi-mining/eedi-mining-misconceptions-in-mathematics\sample_submission.csv
[INFO] 2024-12-01 20:09:11,535 >>	C:/ai_ml/kaggle/eedi-mining/eedi-mining-misconceptions-in-mathematics\test.csv
[INFO] 2024-12-01 20:09:11,535 >>	C:/ai_ml/kaggle/eedi-mining/eedi-mining-misconceptions-in-mathematics\test.csv
[INFO] 2024-12-01 20:09:11,535 >>	C:/ai_ml/kaggle/eedi-mining/eedi-mining-misconceptions-in-mathematics\test.csv
[INFO] 2024-12-01 20:09:11,535 >>	C:/ai_ml/kaggle/eedi-mining/eedi-mining-misconceptions-in-mathematics\test.csv
[INFO] 2024-12-01 20:09:11,535 >>	C:/ai_ml/kaggle/eedi-mining/eedi-mining-misconceptions-in-mathematics\test.csv
[INFO] 2024-12-01 20:09:11,535 >>	C:/ai_ml/kaggle/eedi-mining/eedi-mining-misconceptions-in-mathematics\test.csv
[INFO] 2024-12-01 20:09:11,535 >>	C:/ai_ml/kaggle/eedi-mining/eedi-mining-misconceptions-in-mathematics\test.csv
[INFO] 2024-12-01 20:09:11,535 >>	C:/ai_ml/kaggle/eedi-mining/eedi-mining-misconceptions-in-mathematics\test.csv
[INFO] 2024-12-01 20:09:11,535 >>	C:/ai_ml/kaggle/eedi-mining/eedi-mining-misconceptions-in-mathematics\test.csv
[INFO] 2024-12-01 20:09:11,557 >>	C:/ai_ml/kaggle/eedi-mining/eedi-mining-misconceptions-in-mathematics\train.csv
[INFO] 2024-12-01 20:09:11,557 >>	C:/ai_ml/kaggle/eedi-mining/eedi-mining-misconceptions-in-mathematics\train.csv
[INFO] 2024-12-01 20:09:11,557 >>	C:/ai_ml/kaggle/eedi-mining/eedi-mining-misconceptions-in-mathematics\train.csv
[INFO] 2024-12-01 20:09:11,557 >>	C:/ai_ml/kaggle/eedi-mining/eedi-mining-misconceptions-in-mathematics\train.csv
[INFO] 2024-12-01 20:09:11,557 >>	C:/ai_ml/kaggle/eedi-mining/eedi-mining-misconceptions-in-mathematics\train.csv
[INFO] 2024-12-01 20:09:11,557 >>	C:/ai_ml/kaggle/eedi-mining/eedi-mining-misconceptions-in-mathematics\train.csv
[INFO] 2024-12-01 20:09:11,557 >>	C:/ai_ml/kaggle/eedi-mining/eedi-mining-misconceptions-in-mathematics\train.csv
[INFO] 2024-12-01 20:09:11,557 >>	C:/ai_ml/kaggle/eedi-mining/eedi-mining-misconceptions-in-mathematics\train.csv
[INFO] 2024-12-01 20:09:11,557 >>	C:/ai_ml/kaggle/eedi-mining/eedi-mining-misconceptions-in-mathematics\train.csv
[INFO] 2024-12-01 20:12:16,040 >>	top of script
[INFO] 2024-12-01 20:12:16,040 >>	top of script
[INFO] 2024-12-01 20:12:16,040 >>	top of script
[INFO] 2024-12-01 20:12:16,040 >>	top of script
[INFO] 2024-12-01 20:12:16,040 >>	top of script
[INFO] 2024-12-01 20:12:16,040 >>	top of script
[INFO] 2024-12-01 20:12:16,040 >>	top of script
[INFO] 2024-12-01 20:12:16,040 >>	top of script
[INFO] 2024-12-01 20:12:16,040 >>	top of script
[INFO] 2024-12-01 20:12:16,040 >>	top of script
[INFO] 2024-12-01 20:12:16,095 >>	C:/ai_ml/kaggle/eedi-mining/eedi-mining-misconceptions-in-mathematics\misconception_mapping.csv
[INFO] 2024-12-01 20:12:16,095 >>	C:/ai_ml/kaggle/eedi-mining/eedi-mining-misconceptions-in-mathematics\misconception_mapping.csv
[INFO] 2024-12-01 20:12:16,095 >>	C:/ai_ml/kaggle/eedi-mining/eedi-mining-misconceptions-in-mathematics\misconception_mapping.csv
[INFO] 2024-12-01 20:12:16,095 >>	C:/ai_ml/kaggle/eedi-mining/eedi-mining-misconceptions-in-mathematics\misconception_mapping.csv
[INFO] 2024-12-01 20:12:16,095 >>	C:/ai_ml/kaggle/eedi-mining/eedi-mining-misconceptions-in-mathematics\misconception_mapping.csv
[INFO] 2024-12-01 20:12:16,095 >>	C:/ai_ml/kaggle/eedi-mining/eedi-mining-misconceptions-in-mathematics\misconception_mapping.csv
[INFO] 2024-12-01 20:12:16,095 >>	C:/ai_ml/kaggle/eedi-mining/eedi-mining-misconceptions-in-mathematics\misconception_mapping.csv
[INFO] 2024-12-01 20:12:16,095 >>	C:/ai_ml/kaggle/eedi-mining/eedi-mining-misconceptions-in-mathematics\misconception_mapping.csv
[INFO] 2024-12-01 20:12:16,095 >>	C:/ai_ml/kaggle/eedi-mining/eedi-mining-misconceptions-in-mathematics\misconception_mapping.csv
[INFO] 2024-12-01 20:12:16,095 >>	C:/ai_ml/kaggle/eedi-mining/eedi-mining-misconceptions-in-mathematics\misconception_mapping.csv
[INFO] 2024-12-01 20:12:16,112 >>	C:/ai_ml/kaggle/eedi-mining/eedi-mining-misconceptions-in-mathematics\sample_submission.csv
[INFO] 2024-12-01 20:12:16,112 >>	C:/ai_ml/kaggle/eedi-mining/eedi-mining-misconceptions-in-mathematics\sample_submission.csv
[INFO] 2024-12-01 20:12:16,112 >>	C:/ai_ml/kaggle/eedi-mining/eedi-mining-misconceptions-in-mathematics\sample_submission.csv
[INFO] 2024-12-01 20:12:16,112 >>	C:/ai_ml/kaggle/eedi-mining/eedi-mining-misconceptions-in-mathematics\sample_submission.csv
[INFO] 2024-12-01 20:12:16,112 >>	C:/ai_ml/kaggle/eedi-mining/eedi-mining-misconceptions-in-mathematics\sample_submission.csv
[INFO] 2024-12-01 20:12:16,112 >>	C:/ai_ml/kaggle/eedi-mining/eedi-mining-misconceptions-in-mathematics\sample_submission.csv
[INFO] 2024-12-01 20:12:16,112 >>	C:/ai_ml/kaggle/eedi-mining/eedi-mining-misconceptions-in-mathematics\sample_submission.csv
[INFO] 2024-12-01 20:12:16,112 >>	C:/ai_ml/kaggle/eedi-mining/eedi-mining-misconceptions-in-mathematics\sample_submission.csv
[INFO] 2024-12-01 20:12:16,112 >>	C:/ai_ml/kaggle/eedi-mining/eedi-mining-misconceptions-in-mathematics\sample_submission.csv
[INFO] 2024-12-01 20:12:16,112 >>	C:/ai_ml/kaggle/eedi-mining/eedi-mining-misconceptions-in-mathematics\sample_submission.csv
[INFO] 2024-12-01 20:12:16,138 >>	C:/ai_ml/kaggle/eedi-mining/eedi-mining-misconceptions-in-mathematics\test.csv
[INFO] 2024-12-01 20:12:16,138 >>	C:/ai_ml/kaggle/eedi-mining/eedi-mining-misconceptions-in-mathematics\test.csv
[INFO] 2024-12-01 20:12:16,138 >>	C:/ai_ml/kaggle/eedi-mining/eedi-mining-misconceptions-in-mathematics\test.csv
[INFO] 2024-12-01 20:12:16,138 >>	C:/ai_ml/kaggle/eedi-mining/eedi-mining-misconceptions-in-mathematics\test.csv
[INFO] 2024-12-01 20:12:16,138 >>	C:/ai_ml/kaggle/eedi-mining/eedi-mining-misconceptions-in-mathematics\test.csv
[INFO] 2024-12-01 20:12:16,138 >>	C:/ai_ml/kaggle/eedi-mining/eedi-mining-misconceptions-in-mathematics\test.csv
[INFO] 2024-12-01 20:12:16,138 >>	C:/ai_ml/kaggle/eedi-mining/eedi-mining-misconceptions-in-mathematics\test.csv
[INFO] 2024-12-01 20:12:16,138 >>	C:/ai_ml/kaggle/eedi-mining/eedi-mining-misconceptions-in-mathematics\test.csv
[INFO] 2024-12-01 20:12:16,138 >>	C:/ai_ml/kaggle/eedi-mining/eedi-mining-misconceptions-in-mathematics\test.csv
[INFO] 2024-12-01 20:12:16,138 >>	C:/ai_ml/kaggle/eedi-mining/eedi-mining-misconceptions-in-mathematics\test.csv
[INFO] 2024-12-01 20:12:16,165 >>	C:/ai_ml/kaggle/eedi-mining/eedi-mining-misconceptions-in-mathematics\train.csv
[INFO] 2024-12-01 20:12:16,165 >>	C:/ai_ml/kaggle/eedi-mining/eedi-mining-misconceptions-in-mathematics\train.csv
[INFO] 2024-12-01 20:12:16,165 >>	C:/ai_ml/kaggle/eedi-mining/eedi-mining-misconceptions-in-mathematics\train.csv
[INFO] 2024-12-01 20:12:16,165 >>	C:/ai_ml/kaggle/eedi-mining/eedi-mining-misconceptions-in-mathematics\train.csv
[INFO] 2024-12-01 20:12:16,165 >>	C:/ai_ml/kaggle/eedi-mining/eedi-mining-misconceptions-in-mathematics\train.csv
[INFO] 2024-12-01 20:12:16,165 >>	C:/ai_ml/kaggle/eedi-mining/eedi-mining-misconceptions-in-mathematics\train.csv
[INFO] 2024-12-01 20:12:16,165 >>	C:/ai_ml/kaggle/eedi-mining/eedi-mining-misconceptions-in-mathematics\train.csv
[INFO] 2024-12-01 20:12:16,165 >>	C:/ai_ml/kaggle/eedi-mining/eedi-mining-misconceptions-in-mathematics\train.csv
[INFO] 2024-12-01 20:12:16,165 >>	C:/ai_ml/kaggle/eedi-mining/eedi-mining-misconceptions-in-mathematics\train.csv
[INFO] 2024-12-01 20:12:16,165 >>	C:/ai_ml/kaggle/eedi-mining/eedi-mining-misconceptions-in-mathematics\train.csv
[INFO] 2024-12-04 19:23:41,292 >>	top of script
[INFO] 2024-12-04 19:24:32,081 >>	C:/ai_ml/kaggle/eedi-mining/eedi-mining-misconceptions-in-mathematics\misconception_mapping.csv
[INFO] 2024-12-04 19:24:32,085 >>	C:/ai_ml/kaggle/eedi-mining/eedi-mining-misconceptions-in-mathematics\sample_submission.csv
[INFO] 2024-12-04 19:24:32,090 >>	C:/ai_ml/kaggle/eedi-mining/eedi-mining-misconceptions-in-mathematics\test.csv
[INFO] 2024-12-04 19:24:32,093 >>	C:/ai_ml/kaggle/eedi-mining/eedi-mining-misconceptions-in-mathematics\train.csv
[INFO] 2024-12-04 19:25:30,912 >>	top of script
[INFO] 2024-12-04 19:25:30,912 >>	top of script
[INFO] 2024-12-04 19:25:30,974 >>	C:/ai_ml/kaggle/eedi-mining/eedi-mining-misconceptions-in-mathematics\misconception_mapping.csv
[INFO] 2024-12-04 19:25:30,974 >>	C:/ai_ml/kaggle/eedi-mining/eedi-mining-misconceptions-in-mathematics\misconception_mapping.csv
[INFO] 2024-12-04 19:25:30,979 >>	C:/ai_ml/kaggle/eedi-mining/eedi-mining-misconceptions-in-mathematics\sample_submission.csv
[INFO] 2024-12-04 19:25:30,979 >>	C:/ai_ml/kaggle/eedi-mining/eedi-mining-misconceptions-in-mathematics\sample_submission.csv
[INFO] 2024-12-04 19:25:30,984 >>	C:/ai_ml/kaggle/eedi-mining/eedi-mining-misconceptions-in-mathematics\test.csv
[INFO] 2024-12-04 19:25:30,984 >>	C:/ai_ml/kaggle/eedi-mining/eedi-mining-misconceptions-in-mathematics\test.csv
[INFO] 2024-12-04 19:25:30,988 >>	C:/ai_ml/kaggle/eedi-mining/eedi-mining-misconceptions-in-mathematics\train.csv
[INFO] 2024-12-04 19:25:30,988 >>	C:/ai_ml/kaggle/eedi-mining/eedi-mining-misconceptions-in-mathematics\train.csv
[INFO] 2024-12-04 21:17:10,485 >>	top of script
[INFO] 2024-12-04 21:17:10,485 >>	top of script
[INFO] 2024-12-04 21:17:10,485 >>	top of script
[INFO] 2024-12-04 21:17:10,521 >>	C:/ai_ml/kaggle/eedi-mining/eedi-mining-misconceptions-in-mathematics\misconception_mapping.csv
[INFO] 2024-12-04 21:17:10,521 >>	C:/ai_ml/kaggle/eedi-mining/eedi-mining-misconceptions-in-mathematics\misconception_mapping.csv
[INFO] 2024-12-04 21:17:10,521 >>	C:/ai_ml/kaggle/eedi-mining/eedi-mining-misconceptions-in-mathematics\misconception_mapping.csv
[INFO] 2024-12-04 21:17:10,529 >>	C:/ai_ml/kaggle/eedi-mining/eedi-mining-misconceptions-in-mathematics\sample_submission.csv
[INFO] 2024-12-04 21:17:10,529 >>	C:/ai_ml/kaggle/eedi-mining/eedi-mining-misconceptions-in-mathematics\sample_submission.csv
[INFO] 2024-12-04 21:17:10,529 >>	C:/ai_ml/kaggle/eedi-mining/eedi-mining-misconceptions-in-mathematics\sample_submission.csv
[INFO] 2024-12-04 21:17:10,542 >>	C:/ai_ml/kaggle/eedi-mining/eedi-mining-misconceptions-in-mathematics\test.csv
[INFO] 2024-12-04 21:17:10,542 >>	C:/ai_ml/kaggle/eedi-mining/eedi-mining-misconceptions-in-mathematics\test.csv
[INFO] 2024-12-04 21:17:10,542 >>	C:/ai_ml/kaggle/eedi-mining/eedi-mining-misconceptions-in-mathematics\test.csv
[INFO] 2024-12-04 21:17:10,550 >>	C:/ai_ml/kaggle/eedi-mining/eedi-mining-misconceptions-in-mathematics\train.csv
[INFO] 2024-12-04 21:17:10,550 >>	C:/ai_ml/kaggle/eedi-mining/eedi-mining-misconceptions-in-mathematics\train.csv
[INFO] 2024-12-04 21:17:10,550 >>	C:/ai_ml/kaggle/eedi-mining/eedi-mining-misconceptions-in-mathematics\train.csv
[INFO] 2024-12-05 15:18:06,052 >>	top of script
[INFO] 2024-12-05 15:18:06,052 >>	top of script
[INFO] 2024-12-05 15:18:06,052 >>	top of script
[INFO] 2024-12-05 15:18:06,052 >>	top of script
[INFO] 2024-12-05 15:18:06,098 >>	C:/ai_ml/kaggle/eedi-mining/eedi-mining-misconceptions-in-mathematics\misconception_mapping.csv
[INFO] 2024-12-05 15:18:06,098 >>	C:/ai_ml/kaggle/eedi-mining/eedi-mining-misconceptions-in-mathematics\misconception_mapping.csv
[INFO] 2024-12-05 15:18:06,098 >>	C:/ai_ml/kaggle/eedi-mining/eedi-mining-misconceptions-in-mathematics\misconception_mapping.csv
[INFO] 2024-12-05 15:18:06,098 >>	C:/ai_ml/kaggle/eedi-mining/eedi-mining-misconceptions-in-mathematics\misconception_mapping.csv
[INFO] 2024-12-05 15:18:06,109 >>	C:/ai_ml/kaggle/eedi-mining/eedi-mining-misconceptions-in-mathematics\sample_submission.csv
[INFO] 2024-12-05 15:18:06,109 >>	C:/ai_ml/kaggle/eedi-mining/eedi-mining-misconceptions-in-mathematics\sample_submission.csv
[INFO] 2024-12-05 15:18:06,109 >>	C:/ai_ml/kaggle/eedi-mining/eedi-mining-misconceptions-in-mathematics\sample_submission.csv
[INFO] 2024-12-05 15:18:06,109 >>	C:/ai_ml/kaggle/eedi-mining/eedi-mining-misconceptions-in-mathematics\sample_submission.csv
[INFO] 2024-12-05 15:18:06,121 >>	C:/ai_ml/kaggle/eedi-mining/eedi-mining-misconceptions-in-mathematics\test.csv
[INFO] 2024-12-05 15:18:06,121 >>	C:/ai_ml/kaggle/eedi-mining/eedi-mining-misconceptions-in-mathematics\test.csv
[INFO] 2024-12-05 15:18:06,121 >>	C:/ai_ml/kaggle/eedi-mining/eedi-mining-misconceptions-in-mathematics\test.csv
[INFO] 2024-12-05 15:18:06,121 >>	C:/ai_ml/kaggle/eedi-mining/eedi-mining-misconceptions-in-mathematics\test.csv
[INFO] 2024-12-05 15:18:06,135 >>	C:/ai_ml/kaggle/eedi-mining/eedi-mining-misconceptions-in-mathematics\train.csv
[INFO] 2024-12-05 15:18:06,135 >>	C:/ai_ml/kaggle/eedi-mining/eedi-mining-misconceptions-in-mathematics\train.csv
[INFO] 2024-12-05 15:18:06,135 >>	C:/ai_ml/kaggle/eedi-mining/eedi-mining-misconceptions-in-mathematics\train.csv
[INFO] 2024-12-05 15:18:06,135 >>	C:/ai_ml/kaggle/eedi-mining/eedi-mining-misconceptions-in-mathematics\train.csv
[INFO] 2024-12-05 15:36:27,677 >>	top of script
[INFO] 2024-12-05 15:36:27,677 >>	top of script
[INFO] 2024-12-05 15:36:27,677 >>	top of script
[INFO] 2024-12-05 15:36:27,677 >>	top of script
[INFO] 2024-12-05 15:36:27,677 >>	top of script
[INFO] 2024-12-05 15:36:27,851 >>	C:/ai_ml/kaggle/eedi-mining/eedi-mining-misconceptions-in-mathematics\misconception_mapping.csv
[INFO] 2024-12-05 15:36:27,851 >>	C:/ai_ml/kaggle/eedi-mining/eedi-mining-misconceptions-in-mathematics\misconception_mapping.csv
[INFO] 2024-12-05 15:36:27,851 >>	C:/ai_ml/kaggle/eedi-mining/eedi-mining-misconceptions-in-mathematics\misconception_mapping.csv
[INFO] 2024-12-05 15:36:27,851 >>	C:/ai_ml/kaggle/eedi-mining/eedi-mining-misconceptions-in-mathematics\misconception_mapping.csv
[INFO] 2024-12-05 15:36:27,851 >>	C:/ai_ml/kaggle/eedi-mining/eedi-mining-misconceptions-in-mathematics\misconception_mapping.csv
[INFO] 2024-12-05 15:36:27,862 >>	C:/ai_ml/kaggle/eedi-mining/eedi-mining-misconceptions-in-mathematics\sample_submission.csv
[INFO] 2024-12-05 15:36:27,862 >>	C:/ai_ml/kaggle/eedi-mining/eedi-mining-misconceptions-in-mathematics\sample_submission.csv
[INFO] 2024-12-05 15:36:27,862 >>	C:/ai_ml/kaggle/eedi-mining/eedi-mining-misconceptions-in-mathematics\sample_submission.csv
[INFO] 2024-12-05 15:36:27,862 >>	C:/ai_ml/kaggle/eedi-mining/eedi-mining-misconceptions-in-mathematics\sample_submission.csv
[INFO] 2024-12-05 15:36:27,862 >>	C:/ai_ml/kaggle/eedi-mining/eedi-mining-misconceptions-in-mathematics\sample_submission.csv
[INFO] 2024-12-05 15:36:27,862 >>	C:/ai_ml/kaggle/eedi-mining/eedi-mining-misconceptions-in-mathematics\test.csv
[INFO] 2024-12-05 15:36:27,862 >>	C:/ai_ml/kaggle/eedi-mining/eedi-mining-misconceptions-in-mathematics\test.csv
[INFO] 2024-12-05 15:36:27,862 >>	C:/ai_ml/kaggle/eedi-mining/eedi-mining-misconceptions-in-mathematics\test.csv
[INFO] 2024-12-05 15:36:27,862 >>	C:/ai_ml/kaggle/eedi-mining/eedi-mining-misconceptions-in-mathematics\test.csv
[INFO] 2024-12-05 15:36:27,862 >>	C:/ai_ml/kaggle/eedi-mining/eedi-mining-misconceptions-in-mathematics\test.csv
[INFO] 2024-12-05 15:36:27,877 >>	C:/ai_ml/kaggle/eedi-mining/eedi-mining-misconceptions-in-mathematics\train.csv
[INFO] 2024-12-05 15:36:27,877 >>	C:/ai_ml/kaggle/eedi-mining/eedi-mining-misconceptions-in-mathematics\train.csv
[INFO] 2024-12-05 15:36:27,877 >>	C:/ai_ml/kaggle/eedi-mining/eedi-mining-misconceptions-in-mathematics\train.csv
[INFO] 2024-12-05 15:36:27,877 >>	C:/ai_ml/kaggle/eedi-mining/eedi-mining-misconceptions-in-mathematics\train.csv
[INFO] 2024-12-05 15:36:27,877 >>	C:/ai_ml/kaggle/eedi-mining/eedi-mining-misconceptions-in-mathematics\train.csv
